2023/08/24 17:18:31 Starting cygwin install, version 2.909
2023/08/24 17:18:31 User has backup/restore rights
2023/08/24 17:18:31 io_stream_cygfile: fopen(/etc/setup/setup.rc) failed 2 No such file or directory
2023/08/24 17:18:31 Current Directory: C:\cygwin
2023/08/24 17:18:32 source: network install
2023/08/24 17:18:33 root: C:\cygwin system
2023/08/24 17:18:33 Selected local directory: C:\cygwin
2023/08/24 17:18:34 net: Preconfig
2023/08/24 17:18:36 site: http://ctm.crouchingtigerhiddenfruitbat.org/pub/cygwin/circa/2021/10/28/175116/
2023/08/24 17:18:36 HTTP status 404 fetching http://ctm.crouchingtigerhiddenfruitbat.org/pub/cygwin/circa/2021/10/28/175116/x86/setup.zst.sig
2023/08/24 17:18:36 HTTP status 404 fetching http://ctm.crouchingtigerhiddenfruitbat.org/pub/cygwin/circa/2021/10/28/175116/x86/setup.zst
2023/08/24 17:18:37 HTTP status 404 fetching http://ctm.crouchingtigerhiddenfruitbat.org/pub/cygwin/circa/2021/10/28/175116/x86/setup.xz.sig
2023/08/24 17:18:43 io_stream_cygfile: fopen(/etc/setup/timestamp) failed 2 No such file or directory
2023/08/24 17:18:43 io_stream_cygfile: fopen(/etc/setup/installed.db) failed 2 No such file or directory
2023/08/24 17:18:43 solving: 37 tasks, update: yes, use test packages: yes
2023/08/24 17:21:24 solving: 80 tasks, update: no, use test packages: yes
2023/08/24 17:21:25 Augmented Transaction List:
2023/08/24 17:21:25    0 install base-cygwin     3.8-1          
2023/08/24 17:21:25    1 install cygwin          3.3.1-1        
2023/08/24 17:21:25    2 install libpopt-common  1.18-1         
2023/08/24 17:21:25    3 install terminfo        6.1-1.20190727 
2023/08/24 17:21:25    4 install tzdata          2021e-1        
2023/08/24 17:21:25    5 install libpkgconf3     1.6.3-1        
2023/08/24 17:21:25    6 install libpcre32_0     8.45-1         
2023/08/24 17:21:25    7 install libpcre16_0     8.45-1         
2023/08/24 17:21:25    8 install libpcre2_32_0   10.38-1        
2023/08/24 17:21:25    9 install libpcre2_16_0   10.38-1        
2023/08/24 17:21:25   10 install which           2.20-2         
2023/08/24 17:21:25   11 install run             1.3.4-2        
2023/08/24 17:21:25   12 install mintty          3.5.1-1        
2023/08/24 17:21:25   13 install login           1.13-1         
2023/08/24 17:21:25   14 install libwrap0        7.6-26         
2023/08/24 17:21:25   15 install libsigsegv2     2.10-2         
2023/08/24 17:21:25   16 install libpcre2_8_0    10.38-1        
2023/08/24 17:21:25   17 install libpcre1        8.45-1         
2023/08/24 17:21:25   18 install liblzma5        5.2.4-1        
2023/08/24 17:21:25   19 install liblz4_1        1.7.5-1        
2023/08/24 17:21:25   20 install libiconv2       1.16-2         
2023/08/24 17:21:25   21 install libgmp10        6.2.1-2        
2023/08/24 17:21:25   22 install libgcc1         11.2.0-1       
2023/08/24 17:21:25   23 install libffi6         3.2.1-1        
2023/08/24 17:21:25   24 install libev4          4.33-1         
2023/08/24 17:21:25   25 install libbz2_1        1.0.8-1        
2023/08/24 17:21:25   26 install libargp         20110921-3     
2023/08/24 17:21:25   27 install ipc-utils       1.0-1          
2023/08/24 17:21:25   28 install hostname        3.13-1         
2023/08/24 17:21:25   29 install editrights      1.03-1         
2023/08/24 17:21:25   30 install dash            0.5.11.5-1     
2023/08/24 17:21:25   31 install terminfo-extra  6.1-1.20190727 
2023/08/24 17:21:25   32 install pkgconf         1.6.3-1        
2023/08/24 17:21:25   33 install libwrap-devel   7.6-26         
2023/08/24 17:21:25   34 install libpcre2-posix3 10.38-1        
2023/08/24 17:21:25   35 install libpcreposix0   8.45-1         
2023/08/24 17:21:25   36 install libintl8        0.21-1         
2023/08/24 17:21:25   37 install zlib0           1.2.11-1       
2023/08/24 17:21:25   38 install libtasn1_6      4.14-1         
2023/08/24 17:21:25   39 install libstdc++6      11.2.0-1       
2023/08/24 17:21:25   40 install libpipeline1    1.5.3-1        
2023/08/24 17:21:25   41 install libmpfr6        4.1.0-2        
2023/08/24 17:21:25   42 install libev-devel     4.33-1         
2023/08/24 17:21:25   43 install getent          2.18.90-4      
2023/08/24 17:21:25   44 install libncursesw10   6.1-1.20190727 
2023/08/24 17:21:25   45 install pkg-config      1.6.3-1        
2023/08/24 17:21:25   46 install sed             4.8-1          
2023/08/24 17:21:25   47 install libuuid1        2.33.1-2       
2023/08/24 17:21:25   48 install libsmartcols1   2.33.1-2       
2023/08/24 17:21:25   49 install libpopt0        1.18-1         
2023/08/24 17:21:25   50 install libp11-kit0     0.23.20-1      
2023/08/24 17:21:25   51 install libgdbm6        1.18.1-1       
2023/08/24 17:21:25   52 install libattr1        2.4.48-2       
2023/08/24 17:21:25   53 install diffutils       3.8-1          
2023/08/24 17:21:25   54 install alternatives    1.3.30c-10     
2023/08/24 17:21:25   55 install file            5.39-1         
2023/08/24 17:21:25   56 install libpcrecpp0     8.45-1         
2023/08/24 17:21:25   57 install vim-minimal     8.2.0486-1     
2023/08/24 17:21:25   58 install ncurses         6.1-1.20190727 
2023/08/24 17:21:25   59 install libreadline7    8.1-2          
2023/08/24 17:21:25   60 install less            590-1          
2023/08/24 17:21:25   61 install info            6.8-2          
2023/08/24 17:21:25   62 install libblkid1       2.33.1-2       
2023/08/24 17:21:25   63 install cygutils        1.4.16-7       
2023/08/24 17:21:25   64 install p11-kit-trust   0.23.20-1      
2023/08/24 17:21:25   65 install p11-kit         0.23.20-1      
2023/08/24 17:21:25   66 install gawk            5.1.0-1        
2023/08/24 17:21:25   67 install coreutils       8.26-2         
2023/08/24 17:21:25   68 install libfdisk1       2.33.1-2       
2023/08/24 17:21:25   69 install bash            4.4.12-3       
2023/08/24 17:21:25   70 install util-linux      2.33.1-2       
2023/08/24 17:21:25   71 install tzcode          2021e-1        
2023/08/24 17:21:25   72 install zstd            1.5.0-1        
2023/08/24 17:21:25   73 install xz              5.2.4-1        
2023/08/24 17:21:25   74 install libpcre2-devel  10.38-1        
2023/08/24 17:21:25   75 install libpcre-devel   8.45-1         
2023/08/24 17:21:25   76 install gzip            1.11-1         
2023/08/24 17:21:25   77 install groff           1.22.4-1       
2023/08/24 17:21:25   78 install grep            3.7-2          
2023/08/24 17:21:25   79 install findutils       4.8.0-1        
2023/08/24 17:21:25   80 install crypto-policies 20190218-1     
2023/08/24 17:21:25   81 install ca-certificates 2.50-4         
2023/08/24 17:21:25   82 install bzip2           1.0.8-1        
2023/08/24 17:21:25   83 install man-db          2.9.4-1        
2023/08/24 17:21:25   84 install rebase          4.5.0-1        
2023/08/24 17:21:25   85 install base-files      4.3-3          
2023/08/24 17:21:25   86 install libssl1.1       1.1.1l-1       
2023/08/24 17:21:25   87 install tar             1.34-1         
2023/08/24 17:21:25   88 install openssl         1.1.1l-1       
2023/08/24 17:21:25   89 install _autorebase     001091-0.1     
2023/08/24 17:21:27 Downloaded C:\cygwin/http%3a%2f%2fctm.crouchingtigerhiddenfruitbat.org%2fpub%2fcygwin%2fcirca%2f2021%2f10%2f28%2f175116%2f/noarch/release/base-cygwin/base-cygwin-3.8-1.tar.xz
2023/08/24 17:21:27 Downloaded C:\cygwin/http%3a%2f%2fctm.crouchingtigerhiddenfruitbat.org%2fpub%2fcygwin%2fcirca%2f2021%2f10%2f28%2f175116%2f/x86/release/cygwin/cygwin-3.3.1-1.tar.xz
2023/08/24 17:21:28 Downloaded C:\cygwin/http%3a%2f%2fctm.crouchingtigerhiddenfruitbat.org%2fpub%2fcygwin%2fcirca%2f2021%2f10%2f28%2f175116%2f/x86/release/popt/libpopt-common/libpopt-common-1.18-1.tar.xz
2023/08/24 17:21:28 Downloaded C:\cygwin/http%3a%2f%2fctm.crouchingtigerhiddenfruitbat.org%2fpub%2fcygwin%2fcirca%2f2021%2f10%2f28%2f175116%2f/x86/release/ncurses/terminfo/terminfo-6.1-1.20190727.tar.xz
2023/08/24 17:21:29 Downloaded C:\cygwin/http%3a%2f%2fctm.crouchingtigerhiddenfruitbat.org%2fpub%2fcygwin%2fcirca%2f2021%2f10%2f28%2f175116%2f/noarch/release/tzdata/tzdata-2021e-1.tar.xz
2023/08/24 17:21:29 Downloaded C:\cygwin/http%3a%2f%2fctm.crouchingtigerhiddenfruitbat.org%2fpub%2fcygwin%2fcirca%2f2021%2f10%2f28%2f175116%2f/x86/release/pkgconf/libpkgconf3/libpkgconf3-1.6.3-1.tar.xz
2023/08/24 17:21:29 Downloaded C:\cygwin/http%3a%2f%2fctm.crouchingtigerhiddenfruitbat.org%2fpub%2fcygwin%2fcirca%2f2021%2f10%2f28%2f175116%2f/x86/release/pcre/libpcre32_0/libpcre32_0-8.45-1.tar.zst
2023/08/24 17:21:30 Downloaded C:\cygwin/http%3a%2f%2fctm.crouchingtigerhiddenfruitbat.org%2fpub%2fcygwin%2fcirca%2f2021%2f10%2f28%2f175116%2f/x86/release/pcre/libpcre16_0/libpcre16_0-8.45-1.tar.zst
2023/08/24 17:21:31 Downloaded C:\cygwin/http%3a%2f%2fctm.crouchingtigerhiddenfruitbat.org%2fpub%2fcygwin%2fcirca%2f2021%2f10%2f28%2f175116%2f/x86/release/pcre2/libpcre2_32_0/libpcre2_32_0-10.38-1.tar.zst
2023/08/24 17:21:32 Downloaded C:\cygwin/http%3a%2f%2fctm.crouchingtigerhiddenfruitbat.org%2fpub%2fcygwin%2fcirca%2f2021%2f10%2f28%2f175116%2f/x86/release/pcre2/libpcre2_16_0/libpcre2_16_0-10.38-1.tar.zst
2023/08/24 17:21:32 Downloaded C:\cygwin/http%3a%2f%2fctm.crouchingtigerhiddenfruitbat.org%2fpub%2fcygwin%2fcirca%2f2021%2f10%2f28%2f175116%2f/x86/release/which/which-2.20-2.tar.bz2
2023/08/24 17:21:32 Downloaded C:\cygwin/http%3a%2f%2fctm.crouchingtigerhiddenfruitbat.org%2fpub%2fcygwin%2fcirca%2f2021%2f10%2f28%2f175116%2f/x86/release/run/run-1.3.4-2.tar.xz
2023/08/24 17:21:34 Downloaded C:\cygwin/http%3a%2f%2fctm.crouchingtigerhiddenfruitbat.org%2fpub%2fcygwin%2fcirca%2f2021%2f10%2f28%2f175116%2f/x86/release/mintty/mintty-3.5.1-1.tar.xz
2023/08/24 17:21:34 Downloaded C:\cygwin/http%3a%2f%2fctm.crouchingtigerhiddenfruitbat.org%2fpub%2fcygwin%2fcirca%2f2021%2f10%2f28%2f175116%2f/x86/release/login/login-1.13-1.tar.xz
2023/08/24 17:21:35 Downloaded C:\cygwin/http%3a%2f%2fctm.crouchingtigerhiddenfruitbat.org%2fpub%2fcygwin%2fcirca%2f2021%2f10%2f28%2f175116%2f/x86/release/tcp_wrappers/libwrap0/libwrap0-7.6-26.tar.xz
2023/08/24 17:21:35 Downloaded C:\cygwin/http%3a%2f%2fctm.crouchingtigerhiddenfruitbat.org%2fpub%2fcygwin%2fcirca%2f2021%2f10%2f28%2f175116%2f/x86/release/libsigsegv/libsigsegv2/libsigsegv2-2.10-2.tar.xz
2023/08/24 17:21:35 Downloaded C:\cygwin/http%3a%2f%2fctm.crouchingtigerhiddenfruitbat.org%2fpub%2fcygwin%2fcirca%2f2021%2f10%2f28%2f175116%2f/x86/release/pcre2/libpcre2_8_0/libpcre2_8_0-10.38-1.tar.zst
2023/08/24 17:21:36 Downloaded C:\cygwin/http%3a%2f%2fctm.crouchingtigerhiddenfruitbat.org%2fpub%2fcygwin%2fcirca%2f2021%2f10%2f28%2f175116%2f/x86/release/pcre/libpcre1/libpcre1-8.45-1.tar.zst
2023/08/24 17:21:36 Downloaded C:\cygwin/http%3a%2f%2fctm.crouchingtigerhiddenfruitbat.org%2fpub%2fcygwin%2fcirca%2f2021%2f10%2f28%2f175116%2f/x86/release/xz/liblzma5/liblzma5-5.2.4-1.tar.xz
2023/08/24 17:21:37 Downloaded C:\cygwin/http%3a%2f%2fctm.crouchingtigerhiddenfruitbat.org%2fpub%2fcygwin%2fcirca%2f2021%2f10%2f28%2f175116%2f/x86/release/lz4/liblz4_1/liblz4_1-1.7.5-1.tar.xz
2023/08/24 17:21:38 Downloaded C:\cygwin/http%3a%2f%2fctm.crouchingtigerhiddenfruitbat.org%2fpub%2fcygwin%2fcirca%2f2021%2f10%2f28%2f175116%2f/x86/release/libiconv/libiconv2/libiconv2-1.16-2.tar.xz
2023/08/24 17:21:38 Downloaded C:\cygwin/http%3a%2f%2fctm.crouchingtigerhiddenfruitbat.org%2fpub%2fcygwin%2fcirca%2f2021%2f10%2f28%2f175116%2f/x86/release/gmp/libgmp10/libgmp10-6.2.1-2.tar.zst
2023/08/24 17:21:39 Downloaded C:\cygwin/http%3a%2f%2fctm.crouchingtigerhiddenfruitbat.org%2fpub%2fcygwin%2fcirca%2f2021%2f10%2f28%2f175116%2f/x86/release/gcc/libgcc1/libgcc1-11.2.0-1.tar.zst
2023/08/24 17:21:39 Downloaded C:\cygwin/http%3a%2f%2fctm.crouchingtigerhiddenfruitbat.org%2fpub%2fcygwin%2fcirca%2f2021%2f10%2f28%2f175116%2f/x86/release/libffi/libffi6/libffi6-3.2.1-1.tar.xz
2023/08/24 17:21:39 Downloaded C:\cygwin/http%3a%2f%2fctm.crouchingtigerhiddenfruitbat.org%2fpub%2fcygwin%2fcirca%2f2021%2f10%2f28%2f175116%2f/x86/release/libev/libev4/libev4-4.33-1.tar.xz
2023/08/24 17:21:40 Downloaded C:\cygwin/http%3a%2f%2fctm.crouchingtigerhiddenfruitbat.org%2fpub%2fcygwin%2fcirca%2f2021%2f10%2f28%2f175116%2f/x86/release/bzip2/libbz2_1/libbz2_1-1.0.8-1.tar.xz
2023/08/24 17:21:40 Downloaded C:\cygwin/http%3a%2f%2fctm.crouchingtigerhiddenfruitbat.org%2fpub%2fcygwin%2fcirca%2f2021%2f10%2f28%2f175116%2f/x86/release/libargp/libargp-20110921-3.tar.xz
2023/08/24 17:21:40 Downloaded C:\cygwin/http%3a%2f%2fctm.crouchingtigerhiddenfruitbat.org%2fpub%2fcygwin%2fcirca%2f2021%2f10%2f28%2f175116%2f/x86/release/ipc-utils/ipc-utils-1.0-1.tar.bz2
2023/08/24 17:21:40 Downloaded C:\cygwin/http%3a%2f%2fctm.crouchingtigerhiddenfruitbat.org%2fpub%2fcygwin%2fcirca%2f2021%2f10%2f28%2f175116%2f/x86/release/hostname/hostname-3.13-1.tar.bz2
2023/08/24 17:21:40 Downloaded C:\cygwin/http%3a%2f%2fctm.crouchingtigerhiddenfruitbat.org%2fpub%2fcygwin%2fcirca%2f2021%2f10%2f28%2f175116%2f/x86/release/editrights/editrights-1.03-1.tar.xz
2023/08/24 17:21:41 Downloaded C:\cygwin/http%3a%2f%2fctm.crouchingtigerhiddenfruitbat.org%2fpub%2fcygwin%2fcirca%2f2021%2f10%2f28%2f175116%2f/x86/release/dash/dash-0.5.11.5-1.tar.xz
2023/08/24 17:21:42 Downloaded C:\cygwin/http%3a%2f%2fctm.crouchingtigerhiddenfruitbat.org%2fpub%2fcygwin%2fcirca%2f2021%2f10%2f28%2f175116%2f/x86/release/ncurses/terminfo-extra/terminfo-extra-6.1-1.20190727.tar.xz
2023/08/24 17:21:42 Downloaded C:\cygwin/http%3a%2f%2fctm.crouchingtigerhiddenfruitbat.org%2fpub%2fcygwin%2fcirca%2f2021%2f10%2f28%2f175116%2f/x86/release/pkgconf/pkgconf-1.6.3-1.tar.xz
2023/08/24 17:21:42 Downloaded C:\cygwin/http%3a%2f%2fctm.crouchingtigerhiddenfruitbat.org%2fpub%2fcygwin%2fcirca%2f2021%2f10%2f28%2f175116%2f/x86/release/tcp_wrappers/libwrap-devel/libwrap-devel-7.6-26.tar.xz
2023/08/24 17:21:43 Downloaded C:\cygwin/http%3a%2f%2fctm.crouchingtigerhiddenfruitbat.org%2fpub%2fcygwin%2fcirca%2f2021%2f10%2f28%2f175116%2f/x86/release/pcre2/libpcre2-posix3/libpcre2-posix3-10.38-1.tar.zst
2023/08/24 17:21:43 Downloaded C:\cygwin/http%3a%2f%2fctm.crouchingtigerhiddenfruitbat.org%2fpub%2fcygwin%2fcirca%2f2021%2f10%2f28%2f175116%2f/x86/release/pcre/libpcreposix0/libpcreposix0-8.45-1.tar.zst
2023/08/24 17:21:43 Downloaded C:\cygwin/http%3a%2f%2fctm.crouchingtigerhiddenfruitbat.org%2fpub%2fcygwin%2fcirca%2f2021%2f10%2f28%2f175116%2f/x86/release/gettext/libintl8/libintl8-0.21-1.tar.xz
2023/08/24 17:21:43 Downloaded C:\cygwin/http%3a%2f%2fctm.crouchingtigerhiddenfruitbat.org%2fpub%2fcygwin%2fcirca%2f2021%2f10%2f28%2f175116%2f/x86/release/zlib/zlib0/zlib0-1.2.11-1.tar.xz
2023/08/24 17:21:44 Downloaded C:\cygwin/http%3a%2f%2fctm.crouchingtigerhiddenfruitbat.org%2fpub%2fcygwin%2fcirca%2f2021%2f10%2f28%2f175116%2f/x86/release/libtasn1/libtasn1_6/libtasn1_6-4.14-1.tar.xz
2023/08/24 17:21:45 Downloaded C:\cygwin/http%3a%2f%2fctm.crouchingtigerhiddenfruitbat.org%2fpub%2fcygwin%2fcirca%2f2021%2f10%2f28%2f175116%2f/x86/release/gcc/libstdc++6/libstdc++6-11.2.0-1.tar.zst
2023/08/24 17:21:45 Downloaded C:\cygwin/http%3a%2f%2fctm.crouchingtigerhiddenfruitbat.org%2fpub%2fcygwin%2fcirca%2f2021%2f10%2f28%2f175116%2f/x86/release/libpipeline/libpipeline1/libpipeline1-1.5.3-1.tar.xz
2023/08/24 17:21:47 Downloaded C:\cygwin/http%3a%2f%2fctm.crouchingtigerhiddenfruitbat.org%2fpub%2fcygwin%2fcirca%2f2021%2f10%2f28%2f175116%2f/x86/release/mpfr/libmpfr6/libmpfr6-4.1.0-2.tar.zst
2023/08/24 17:21:48 Downloaded C:\cygwin/http%3a%2f%2fctm.crouchingtigerhiddenfruitbat.org%2fpub%2fcygwin%2fcirca%2f2021%2f10%2f28%2f175116%2f/x86/release/libev/libev-devel/libev-devel-4.33-1.tar.xz
2023/08/24 17:21:48 Downloaded C:\cygwin/http%3a%2f%2fctm.crouchingtigerhiddenfruitbat.org%2fpub%2fcygwin%2fcirca%2f2021%2f10%2f28%2f175116%2f/x86/release/getent/getent-2.18.90-4.tar.xz
2023/08/24 17:21:49 Downloaded C:\cygwin/http%3a%2f%2fctm.crouchingtigerhiddenfruitbat.org%2fpub%2fcygwin%2fcirca%2f2021%2f10%2f28%2f175116%2f/x86/release/ncurses/libncursesw10/libncursesw10-6.1-1.20190727.tar.xz
2023/08/24 17:21:49 Downloaded C:\cygwin/http%3a%2f%2fctm.crouchingtigerhiddenfruitbat.org%2fpub%2fcygwin%2fcirca%2f2021%2f10%2f28%2f175116%2f/x86/release/pkgconf/pkg-config/pkg-config-1.6.3-1.tar.xz
2023/08/24 17:21:50 Downloaded C:\cygwin/http%3a%2f%2fctm.crouchingtigerhiddenfruitbat.org%2fpub%2fcygwin%2fcirca%2f2021%2f10%2f28%2f175116%2f/x86/release/sed/sed-4.8-1.tar.xz
2023/08/24 17:21:50 Downloaded C:\cygwin/http%3a%2f%2fctm.crouchingtigerhiddenfruitbat.org%2fpub%2fcygwin%2fcirca%2f2021%2f10%2f28%2f175116%2f/x86/release/util-linux/libuuid1/libuuid1-2.33.1-2.tar.xz
2023/08/24 17:21:50 Downloaded C:\cygwin/http%3a%2f%2fctm.crouchingtigerhiddenfruitbat.org%2fpub%2fcygwin%2fcirca%2f2021%2f10%2f28%2f175116%2f/x86/release/util-linux/libsmartcols1/libsmartcols1-2.33.1-2.tar.xz
2023/08/24 17:21:51 Downloaded C:\cygwin/http%3a%2f%2fctm.crouchingtigerhiddenfruitbat.org%2fpub%2fcygwin%2fcirca%2f2021%2f10%2f28%2f175116%2f/x86/release/popt/libpopt0/libpopt0-1.18-1.tar.xz
2023/08/24 17:21:51 Downloaded C:\cygwin/http%3a%2f%2fctm.crouchingtigerhiddenfruitbat.org%2fpub%2fcygwin%2fcirca%2f2021%2f10%2f28%2f175116%2f/x86/release/p11-kit/libp11-kit0/libp11-kit0-0.23.20-1.tar.xz
2023/08/24 17:21:51 Downloaded C:\cygwin/http%3a%2f%2fctm.crouchingtigerhiddenfruitbat.org%2fpub%2fcygwin%2fcirca%2f2021%2f10%2f28%2f175116%2f/x86/release/gdbm/libgdbm6/libgdbm6-1.18.1-1.tar.xz
2023/08/24 17:21:52 Downloaded C:\cygwin/http%3a%2f%2fctm.crouchingtigerhiddenfruitbat.org%2fpub%2fcygwin%2fcirca%2f2021%2f10%2f28%2f175116%2f/x86/release/attr/libattr1/libattr1-2.4.48-2.tar.xz
2023/08/24 17:21:53 Downloaded C:\cygwin/http%3a%2f%2fctm.crouchingtigerhiddenfruitbat.org%2fpub%2fcygwin%2fcirca%2f2021%2f10%2f28%2f175116%2f/x86/release/diffutils/diffutils-3.8-1.tar.xz
2023/08/24 17:21:54 Downloaded C:\cygwin/http%3a%2f%2fctm.crouchingtigerhiddenfruitbat.org%2fpub%2fcygwin%2fcirca%2f2021%2f10%2f28%2f175116%2f/x86/release/alternatives/alternatives-1.3.30c-10.tar.bz2
2023/08/24 17:21:55 Downloaded C:\cygwin/http%3a%2f%2fctm.crouchingtigerhiddenfruitbat.org%2fpub%2fcygwin%2fcirca%2f2021%2f10%2f28%2f175116%2f/x86/release/file/file-5.39-1.tar.xz
2023/08/24 17:21:55 Downloaded C:\cygwin/http%3a%2f%2fctm.crouchingtigerhiddenfruitbat.org%2fpub%2fcygwin%2fcirca%2f2021%2f10%2f28%2f175116%2f/x86/release/pcre/libpcrecpp0/libpcrecpp0-8.45-1.tar.zst
2023/08/24 17:21:57 Downloaded C:\cygwin/http%3a%2f%2fctm.crouchingtigerhiddenfruitbat.org%2fpub%2fcygwin%2fcirca%2f2021%2f10%2f28%2f175116%2f/x86/release/vim/vim-minimal/vim-minimal-8.2.0486-1.tar.xz
2023/08/24 17:21:57 Downloaded C:\cygwin/http%3a%2f%2fctm.crouchingtigerhiddenfruitbat.org%2fpub%2fcygwin%2fcirca%2f2021%2f10%2f28%2f175116%2f/x86/release/ncurses/ncurses-6.1-1.20190727.tar.xz
2023/08/24 17:21:58 Downloaded C:\cygwin/http%3a%2f%2fctm.crouchingtigerhiddenfruitbat.org%2fpub%2fcygwin%2fcirca%2f2021%2f10%2f28%2f175116%2f/x86/release/readline/libreadline7/libreadline7-8.1-2.tar.xz
2023/08/24 17:21:58 Downloaded C:\cygwin/http%3a%2f%2fctm.crouchingtigerhiddenfruitbat.org%2fpub%2fcygwin%2fcirca%2f2021%2f10%2f28%2f175116%2f/x86/release/less/less-590-1.tar.xz
2023/08/24 17:21:59 Downloaded C:\cygwin/http%3a%2f%2fctm.crouchingtigerhiddenfruitbat.org%2fpub%2fcygwin%2fcirca%2f2021%2f10%2f28%2f175116%2f/x86/release/texinfo/info/info-6.8-2.tar.xz
2023/08/24 17:22:00 Downloaded C:\cygwin/http%3a%2f%2fctm.crouchingtigerhiddenfruitbat.org%2fpub%2fcygwin%2fcirca%2f2021%2f10%2f28%2f175116%2f/x86/release/util-linux/libblkid1/libblkid1-2.33.1-2.tar.xz
2023/08/24 17:22:00 Downloaded C:\cygwin/http%3a%2f%2fctm.crouchingtigerhiddenfruitbat.org%2fpub%2fcygwin%2fcirca%2f2021%2f10%2f28%2f175116%2f/x86/release/cygutils/cygutils-1.4.16-7.tar.xz
2023/08/24 17:22:01 Downloaded C:\cygwin/http%3a%2f%2fctm.crouchingtigerhiddenfruitbat.org%2fpub%2fcygwin%2fcirca%2f2021%2f10%2f28%2f175116%2f/x86/release/p11-kit/p11-kit-trust/p11-kit-trust-0.23.20-1.tar.xz
2023/08/24 17:22:02 Downloaded C:\cygwin/http%3a%2f%2fctm.crouchingtigerhiddenfruitbat.org%2fpub%2fcygwin%2fcirca%2f2021%2f10%2f28%2f175116%2f/x86/release/p11-kit/p11-kit-0.23.20-1.tar.xz
2023/08/24 17:22:04 Downloaded C:\cygwin/http%3a%2f%2fctm.crouchingtigerhiddenfruitbat.org%2fpub%2fcygwin%2fcirca%2f2021%2f10%2f28%2f175116%2f/x86/release/gawk/gawk-5.1.0-1.tar.xz
2023/08/24 17:22:06 Downloaded C:\cygwin/http%3a%2f%2fctm.crouchingtigerhiddenfruitbat.org%2fpub%2fcygwin%2fcirca%2f2021%2f10%2f28%2f175116%2f/x86/release/coreutils/coreutils-8.26-2.tar.xz
2023/08/24 17:22:07 Downloaded C:\cygwin/http%3a%2f%2fctm.crouchingtigerhiddenfruitbat.org%2fpub%2fcygwin%2fcirca%2f2021%2f10%2f28%2f175116%2f/x86/release/util-linux/libfdisk1/libfdisk1-2.33.1-2.tar.xz
2023/08/24 17:22:09 Downloaded C:\cygwin/http%3a%2f%2fctm.crouchingtigerhiddenfruitbat.org%2fpub%2fcygwin%2fcirca%2f2021%2f10%2f28%2f175116%2f/x86/release/bash/bash-4.4.12-3.tar.xz
2023/08/24 17:22:11 Downloaded C:\cygwin/http%3a%2f%2fctm.crouchingtigerhiddenfruitbat.org%2fpub%2fcygwin%2fcirca%2f2021%2f10%2f28%2f175116%2f/x86/release/util-linux/util-linux-2.33.1-2.tar.xz
2023/08/24 17:22:12 Downloaded C:\cygwin/http%3a%2f%2fctm.crouchingtigerhiddenfruitbat.org%2fpub%2fcygwin%2fcirca%2f2021%2f10%2f28%2f175116%2f/x86/release/tzcode/tzcode-2021e-1.tar.xz
2023/08/24 17:22:13 Downloaded C:\cygwin/http%3a%2f%2fctm.crouchingtigerhiddenfruitbat.org%2fpub%2fcygwin%2fcirca%2f2021%2f10%2f28%2f175116%2f/x86/release/zstd/zstd-1.5.0-1.tar.zst
2023/08/24 17:22:13 Downloaded C:\cygwin/http%3a%2f%2fctm.crouchingtigerhiddenfruitbat.org%2fpub%2fcygwin%2fcirca%2f2021%2f10%2f28%2f175116%2f/x86/release/xz/xz-5.2.4-1.tar.xz
2023/08/24 17:22:13 Downloaded C:\cygwin/http%3a%2f%2fctm.crouchingtigerhiddenfruitbat.org%2fpub%2fcygwin%2fcirca%2f2021%2f10%2f28%2f175116%2f/x86/release/pcre2/libpcre2-devel/libpcre2-devel-10.38-1.tar.zst
2023/08/24 17:22:14 Downloaded C:\cygwin/http%3a%2f%2fctm.crouchingtigerhiddenfruitbat.org%2fpub%2fcygwin%2fcirca%2f2021%2f10%2f28%2f175116%2f/x86/release/pcre/libpcre-devel/libpcre-devel-8.45-1.tar.zst
2023/08/24 17:22:14 Downloaded C:\cygwin/http%3a%2f%2fctm.crouchingtigerhiddenfruitbat.org%2fpub%2fcygwin%2fcirca%2f2021%2f10%2f28%2f175116%2f/x86/release/gzip/gzip-1.11-1.tar.xz
2023/08/24 17:22:16 Downloaded C:\cygwin/http%3a%2f%2fctm.crouchingtigerhiddenfruitbat.org%2fpub%2fcygwin%2fcirca%2f2021%2f10%2f28%2f175116%2f/x86/release/groff/groff-1.22.4-1.tar.xz
2023/08/24 17:22:17 Downloaded C:\cygwin/http%3a%2f%2fctm.crouchingtigerhiddenfruitbat.org%2fpub%2fcygwin%2fcirca%2f2021%2f10%2f28%2f175116%2f/x86/release/grep/grep-3.7-2.tar.xz
2023/08/24 17:22:18 Downloaded C:\cygwin/http%3a%2f%2fctm.crouchingtigerhiddenfruitbat.org%2fpub%2fcygwin%2fcirca%2f2021%2f10%2f28%2f175116%2f/x86/release/findutils/findutils-4.8.0-1.tar.xz
2023/08/24 17:22:18 Downloaded C:\cygwin/http%3a%2f%2fctm.crouchingtigerhiddenfruitbat.org%2fpub%2fcygwin%2fcirca%2f2021%2f10%2f28%2f175116%2f/noarch/release/crypto-policies/crypto-policies-20190218-1.tar.xz
2023/08/24 17:22:18 Downloaded C:\cygwin/http%3a%2f%2fctm.crouchingtigerhiddenfruitbat.org%2fpub%2fcygwin%2fcirca%2f2021%2f10%2f28%2f175116%2f/noarch/release/ca-certificates/ca-certificates-2.50-4.tar.zst
2023/08/24 17:22:19 Downloaded C:\cygwin/http%3a%2f%2fctm.crouchingtigerhiddenfruitbat.org%2fpub%2fcygwin%2fcirca%2f2021%2f10%2f28%2f175116%2f/x86/release/bzip2/bzip2-1.0.8-1.tar.xz
2023/08/24 17:22:19 Downloaded C:\cygwin/http%3a%2f%2fctm.crouchingtigerhiddenfruitbat.org%2fpub%2fcygwin%2fcirca%2f2021%2f10%2f28%2f175116%2f/x86/release/man-db/man-db-2.9.4-1.tar.zst
2023/08/24 17:22:20 Downloaded C:\cygwin/http%3a%2f%2fctm.crouchingtigerhiddenfruitbat.org%2fpub%2fcygwin%2fcirca%2f2021%2f10%2f28%2f175116%2f/x86/release/rebase/rebase-4.5.0-1.tar.xz
2023/08/24 17:22:20 Downloaded C:\cygwin/http%3a%2f%2fctm.crouchingtigerhiddenfruitbat.org%2fpub%2fcygwin%2fcirca%2f2021%2f10%2f28%2f175116%2f/noarch/release/base-files/base-files-4.3-3.tar.zst
2023/08/24 17:22:21 Downloaded C:\cygwin/http%3a%2f%2fctm.crouchingtigerhiddenfruitbat.org%2fpub%2fcygwin%2fcirca%2f2021%2f10%2f28%2f175116%2f/x86/release/openssl/libssl1.1/libssl1.1-1.1.1l-1.tar.xz
2023/08/24 17:22:22 Downloaded C:\cygwin/http%3a%2f%2fctm.crouchingtigerhiddenfruitbat.org%2fpub%2fcygwin%2fcirca%2f2021%2f10%2f28%2f175116%2f/x86/release/tar/tar-1.34-1.tar.zst
2023/08/24 17:22:23 Downloaded C:\cygwin/http%3a%2f%2fctm.crouchingtigerhiddenfruitbat.org%2fpub%2fcygwin%2fcirca%2f2021%2f10%2f28%2f175116%2f/x86/release/openssl/openssl-1.1.1l-1.tar.xz
2023/08/24 17:22:23 Downloaded C:\cygwin/http%3a%2f%2fctm.crouchingtigerhiddenfruitbat.org%2fpub%2fcygwin%2fcirca%2f2021%2f10%2f28%2f175116%2f/noarch/release/_autorebase/_autorebase-001091-0.1.tar.zst
2023/08/24 17:22:23 Extracting from file://C:\cygwin/http%3a%2f%2fctm.crouchingtigerhiddenfruitbat.org%2fpub%2fcygwin%2fcirca%2f2021%2f10%2f28%2f175116%2f/noarch/release/base-cygwin/base-cygwin-3.8-1.tar.xz
2023/08/24 17:22:23 Extracting from file://C:\cygwin/http%3a%2f%2fctm.crouchingtigerhiddenfruitbat.org%2fpub%2fcygwin%2fcirca%2f2021%2f10%2f28%2f175116%2f/x86/release/cygwin/cygwin-3.3.1-1.tar.xz
2023/08/24 17:22:24 Extracting from file://C:\cygwin/http%3a%2f%2fctm.crouchingtigerhiddenfruitbat.org%2fpub%2fcygwin%2fcirca%2f2021%2f10%2f28%2f175116%2f/x86/release/popt/libpopt-common/libpopt-common-1.18-1.tar.xz
2023/08/24 17:22:24 Extracting from file://C:\cygwin/http%3a%2f%2fctm.crouchingtigerhiddenfruitbat.org%2fpub%2fcygwin%2fcirca%2f2021%2f10%2f28%2f175116%2f/x86/release/ncurses/terminfo/terminfo-6.1-1.20190727.tar.xz
2023/08/24 17:22:26 Extracting from file://C:\cygwin/http%3a%2f%2fctm.crouchingtigerhiddenfruitbat.org%2fpub%2fcygwin%2fcirca%2f2021%2f10%2f28%2f175116%2f/noarch/release/tzdata/tzdata-2021e-1.tar.xz
2023/08/24 17:22:38 Extracting from file://C:\cygwin/http%3a%2f%2fctm.crouchingtigerhiddenfruitbat.org%2fpub%2fcygwin%2fcirca%2f2021%2f10%2f28%2f175116%2f/x86/release/pkgconf/libpkgconf3/libpkgconf3-1.6.3-1.tar.xz
2023/08/24 17:22:38 Extracting from file://C:\cygwin/http%3a%2f%2fctm.crouchingtigerhiddenfruitbat.org%2fpub%2fcygwin%2fcirca%2f2021%2f10%2f28%2f175116%2f/x86/release/pcre/libpcre32_0/libpcre32_0-8.45-1.tar.zst
2023/08/24 17:22:38 Extracting from file://C:\cygwin/http%3a%2f%2fctm.crouchingtigerhiddenfruitbat.org%2fpub%2fcygwin%2fcirca%2f2021%2f10%2f28%2f175116%2f/x86/release/pcre/libpcre16_0/libpcre16_0-8.45-1.tar.zst
2023/08/24 17:22:38 Extracting from file://C:\cygwin/http%3a%2f%2fctm.crouchingtigerhiddenfruitbat.org%2fpub%2fcygwin%2fcirca%2f2021%2f10%2f28%2f175116%2f/x86/release/pcre2/libpcre2_32_0/libpcre2_32_0-10.38-1.tar.zst
2023/08/24 17:22:38 Extracting from file://C:\cygwin/http%3a%2f%2fctm.crouchingtigerhiddenfruitbat.org%2fpub%2fcygwin%2fcirca%2f2021%2f10%2f28%2f175116%2f/x86/release/pcre2/libpcre2_16_0/libpcre2_16_0-10.38-1.tar.zst
2023/08/24 17:22:38 Extracting from file://C:\cygwin/http%3a%2f%2fctm.crouchingtigerhiddenfruitbat.org%2fpub%2fcygwin%2fcirca%2f2021%2f10%2f28%2f175116%2f/x86/release/which/which-2.20-2.tar.bz2
2023/08/24 17:22:38 Extracting from file://C:\cygwin/http%3a%2f%2fctm.crouchingtigerhiddenfruitbat.org%2fpub%2fcygwin%2fcirca%2f2021%2f10%2f28%2f175116%2f/x86/release/run/run-1.3.4-2.tar.xz
2023/08/24 17:22:38 Extracting from file://C:\cygwin/http%3a%2f%2fctm.crouchingtigerhiddenfruitbat.org%2fpub%2fcygwin%2fcirca%2f2021%2f10%2f28%2f175116%2f/x86/release/mintty/mintty-3.5.1-1.tar.xz
2023/08/24 17:22:39 Extracting from file://C:\cygwin/http%3a%2f%2fctm.crouchingtigerhiddenfruitbat.org%2fpub%2fcygwin%2fcirca%2f2021%2f10%2f28%2f175116%2f/x86/release/login/login-1.13-1.tar.xz
2023/08/24 17:22:39 Extracting from file://C:\cygwin/http%3a%2f%2fctm.crouchingtigerhiddenfruitbat.org%2fpub%2fcygwin%2fcirca%2f2021%2f10%2f28%2f175116%2f/x86/release/tcp_wrappers/libwrap0/libwrap0-7.6-26.tar.xz
2023/08/24 17:22:39 Extracting from file://C:\cygwin/http%3a%2f%2fctm.crouchingtigerhiddenfruitbat.org%2fpub%2fcygwin%2fcirca%2f2021%2f10%2f28%2f175116%2f/x86/release/libsigsegv/libsigsegv2/libsigsegv2-2.10-2.tar.xz
2023/08/24 17:22:39 Extracting from file://C:\cygwin/http%3a%2f%2fctm.crouchingtigerhiddenfruitbat.org%2fpub%2fcygwin%2fcirca%2f2021%2f10%2f28%2f175116%2f/x86/release/pcre2/libpcre2_8_0/libpcre2_8_0-10.38-1.tar.zst
2023/08/24 17:22:39 Extracting from file://C:\cygwin/http%3a%2f%2fctm.crouchingtigerhiddenfruitbat.org%2fpub%2fcygwin%2fcirca%2f2021%2f10%2f28%2f175116%2f/x86/release/pcre/libpcre1/libpcre1-8.45-1.tar.zst
2023/08/24 17:22:39 Extracting from file://C:\cygwin/http%3a%2f%2fctm.crouchingtigerhiddenfruitbat.org%2fpub%2fcygwin%2fcirca%2f2021%2f10%2f28%2f175116%2f/x86/release/xz/liblzma5/liblzma5-5.2.4-1.tar.xz
2023/08/24 17:22:40 Extracting from file://C:\cygwin/http%3a%2f%2fctm.crouchingtigerhiddenfruitbat.org%2fpub%2fcygwin%2fcirca%2f2021%2f10%2f28%2f175116%2f/x86/release/lz4/liblz4_1/liblz4_1-1.7.5-1.tar.xz
2023/08/24 17:22:40 Extracting from file://C:\cygwin/http%3a%2f%2fctm.crouchingtigerhiddenfruitbat.org%2fpub%2fcygwin%2fcirca%2f2021%2f10%2f28%2f175116%2f/x86/release/libiconv/libiconv2/libiconv2-1.16-2.tar.xz
2023/08/24 17:22:40 Extracting from file://C:\cygwin/http%3a%2f%2fctm.crouchingtigerhiddenfruitbat.org%2fpub%2fcygwin%2fcirca%2f2021%2f10%2f28%2f175116%2f/x86/release/gmp/libgmp10/libgmp10-6.2.1-2.tar.zst
2023/08/24 17:22:40 Extracting from file://C:\cygwin/http%3a%2f%2fctm.crouchingtigerhiddenfruitbat.org%2fpub%2fcygwin%2fcirca%2f2021%2f10%2f28%2f175116%2f/x86/release/gcc/libgcc1/libgcc1-11.2.0-1.tar.zst
2023/08/24 17:22:40 Extracting from file://C:\cygwin/http%3a%2f%2fctm.crouchingtigerhiddenfruitbat.org%2fpub%2fcygwin%2fcirca%2f2021%2f10%2f28%2f175116%2f/x86/release/libffi/libffi6/libffi6-3.2.1-1.tar.xz
2023/08/24 17:22:40 Extracting from file://C:\cygwin/http%3a%2f%2fctm.crouchingtigerhiddenfruitbat.org%2fpub%2fcygwin%2fcirca%2f2021%2f10%2f28%2f175116%2f/x86/release/libev/libev4/libev4-4.33-1.tar.xz
2023/08/24 17:22:40 Extracting from file://C:\cygwin/http%3a%2f%2fctm.crouchingtigerhiddenfruitbat.org%2fpub%2fcygwin%2fcirca%2f2021%2f10%2f28%2f175116%2f/x86/release/bzip2/libbz2_1/libbz2_1-1.0.8-1.tar.xz
2023/08/24 17:22:40 Extracting from file://C:\cygwin/http%3a%2f%2fctm.crouchingtigerhiddenfruitbat.org%2fpub%2fcygwin%2fcirca%2f2021%2f10%2f28%2f175116%2f/x86/release/libargp/libargp-20110921-3.tar.xz
2023/08/24 17:22:40 Extracting from file://C:\cygwin/http%3a%2f%2fctm.crouchingtigerhiddenfruitbat.org%2fpub%2fcygwin%2fcirca%2f2021%2f10%2f28%2f175116%2f/x86/release/ipc-utils/ipc-utils-1.0-1.tar.bz2
2023/08/24 17:22:40 Extracting from file://C:\cygwin/http%3a%2f%2fctm.crouchingtigerhiddenfruitbat.org%2fpub%2fcygwin%2fcirca%2f2021%2f10%2f28%2f175116%2f/x86/release/hostname/hostname-3.13-1.tar.bz2
2023/08/24 17:22:40 Extracting from file://C:\cygwin/http%3a%2f%2fctm.crouchingtigerhiddenfruitbat.org%2fpub%2fcygwin%2fcirca%2f2021%2f10%2f28%2f175116%2f/x86/release/editrights/editrights-1.03-1.tar.xz
2023/08/24 17:22:40 Extracting from file://C:\cygwin/http%3a%2f%2fctm.crouchingtigerhiddenfruitbat.org%2fpub%2fcygwin%2fcirca%2f2021%2f10%2f28%2f175116%2f/x86/release/dash/dash-0.5.11.5-1.tar.xz
2023/08/24 17:22:40 Extracting from file://C:\cygwin/http%3a%2f%2fctm.crouchingtigerhiddenfruitbat.org%2fpub%2fcygwin%2fcirca%2f2021%2f10%2f28%2f175116%2f/x86/release/ncurses/terminfo-extra/terminfo-extra-6.1-1.20190727.tar.xz
2023/08/24 17:23:02 Extracting from file://C:\cygwin/http%3a%2f%2fctm.crouchingtigerhiddenfruitbat.org%2fpub%2fcygwin%2fcirca%2f2021%2f10%2f28%2f175116%2f/x86/release/pkgconf/pkgconf-1.6.3-1.tar.xz
2023/08/24 17:23:02 Extracting from file://C:\cygwin/http%3a%2f%2fctm.crouchingtigerhiddenfruitbat.org%2fpub%2fcygwin%2fcirca%2f2021%2f10%2f28%2f175116%2f/x86/release/tcp_wrappers/libwrap-devel/libwrap-devel-7.6-26.tar.xz
2023/08/24 17:23:02 Extracting from file://C:\cygwin/http%3a%2f%2fctm.crouchingtigerhiddenfruitbat.org%2fpub%2fcygwin%2fcirca%2f2021%2f10%2f28%2f175116%2f/x86/release/pcre2/libpcre2-posix3/libpcre2-posix3-10.38-1.tar.zst
2023/08/24 17:23:02 Extracting from file://C:\cygwin/http%3a%2f%2fctm.crouchingtigerhiddenfruitbat.org%2fpub%2fcygwin%2fcirca%2f2021%2f10%2f28%2f175116%2f/x86/release/pcre/libpcreposix0/libpcreposix0-8.45-1.tar.zst
2023/08/24 17:23:02 Extracting from file://C:\cygwin/http%3a%2f%2fctm.crouchingtigerhiddenfruitbat.org%2fpub%2fcygwin%2fcirca%2f2021%2f10%2f28%2f175116%2f/x86/release/gettext/libintl8/libintl8-0.21-1.tar.xz
2023/08/24 17:23:02 Extracting from file://C:\cygwin/http%3a%2f%2fctm.crouchingtigerhiddenfruitbat.org%2fpub%2fcygwin%2fcirca%2f2021%2f10%2f28%2f175116%2f/x86/release/zlib/zlib0/zlib0-1.2.11-1.tar.xz
2023/08/24 17:23:02 Extracting from file://C:\cygwin/http%3a%2f%2fctm.crouchingtigerhiddenfruitbat.org%2fpub%2fcygwin%2fcirca%2f2021%2f10%2f28%2f175116%2f/x86/release/libtasn1/libtasn1_6/libtasn1_6-4.14-1.tar.xz
2023/08/24 17:23:02 Extracting from file://C:\cygwin/http%3a%2f%2fctm.crouchingtigerhiddenfruitbat.org%2fpub%2fcygwin%2fcirca%2f2021%2f10%2f28%2f175116%2f/x86/release/gcc/libstdc++6/libstdc++6-11.2.0-1.tar.zst
2023/08/24 17:23:02 Extracting from file://C:\cygwin/http%3a%2f%2fctm.crouchingtigerhiddenfruitbat.org%2fpub%2fcygwin%2fcirca%2f2021%2f10%2f28%2f175116%2f/x86/release/libpipeline/libpipeline1/libpipeline1-1.5.3-1.tar.xz
2023/08/24 17:23:02 Extracting from file://C:\cygwin/http%3a%2f%2fctm.crouchingtigerhiddenfruitbat.org%2fpub%2fcygwin%2fcirca%2f2021%2f10%2f28%2f175116%2f/x86/release/mpfr/libmpfr6/libmpfr6-4.1.0-2.tar.zst
2023/08/24 17:23:02 Extracting from file://C:\cygwin/http%3a%2f%2fctm.crouchingtigerhiddenfruitbat.org%2fpub%2fcygwin%2fcirca%2f2021%2f10%2f28%2f175116%2f/x86/release/libev/libev-devel/libev-devel-4.33-1.tar.xz
2023/08/24 17:23:02 Extracting from file://C:\cygwin/http%3a%2f%2fctm.crouchingtigerhiddenfruitbat.org%2fpub%2fcygwin%2fcirca%2f2021%2f10%2f28%2f175116%2f/x86/release/getent/getent-2.18.90-4.tar.xz
2023/08/24 17:23:02 Extracting from file://C:\cygwin/http%3a%2f%2fctm.crouchingtigerhiddenfruitbat.org%2fpub%2fcygwin%2fcirca%2f2021%2f10%2f28%2f175116%2f/x86/release/ncurses/libncursesw10/libncursesw10-6.1-1.20190727.tar.xz
2023/08/24 17:23:02 Extracting from file://C:\cygwin/http%3a%2f%2fctm.crouchingtigerhiddenfruitbat.org%2fpub%2fcygwin%2fcirca%2f2021%2f10%2f28%2f175116%2f/x86/release/pkgconf/pkg-config/pkg-config-1.6.3-1.tar.xz
2023/08/24 17:23:02 Extracting from file://C:\cygwin/http%3a%2f%2fctm.crouchingtigerhiddenfruitbat.org%2fpub%2fcygwin%2fcirca%2f2021%2f10%2f28%2f175116%2f/x86/release/sed/sed-4.8-1.tar.xz
2023/08/24 17:23:03 Extracting from file://C:\cygwin/http%3a%2f%2fctm.crouchingtigerhiddenfruitbat.org%2fpub%2fcygwin%2fcirca%2f2021%2f10%2f28%2f175116%2f/x86/release/util-linux/libuuid1/libuuid1-2.33.1-2.tar.xz
2023/08/24 17:23:03 Extracting from file://C:\cygwin/http%3a%2f%2fctm.crouchingtigerhiddenfruitbat.org%2fpub%2fcygwin%2fcirca%2f2021%2f10%2f28%2f175116%2f/x86/release/util-linux/libsmartcols1/libsmartcols1-2.33.1-2.tar.xz
2023/08/24 17:23:03 Extracting from file://C:\cygwin/http%3a%2f%2fctm.crouchingtigerhiddenfruitbat.org%2fpub%2fcygwin%2fcirca%2f2021%2f10%2f28%2f175116%2f/x86/release/popt/libpopt0/libpopt0-1.18-1.tar.xz
2023/08/24 17:23:03 Extracting from file://C:\cygwin/http%3a%2f%2fctm.crouchingtigerhiddenfruitbat.org%2fpub%2fcygwin%2fcirca%2f2021%2f10%2f28%2f175116%2f/x86/release/p11-kit/libp11-kit0/libp11-kit0-0.23.20-1.tar.xz
2023/08/24 17:23:03 Extracting from file://C:\cygwin/http%3a%2f%2fctm.crouchingtigerhiddenfruitbat.org%2fpub%2fcygwin%2fcirca%2f2021%2f10%2f28%2f175116%2f/x86/release/gdbm/libgdbm6/libgdbm6-1.18.1-1.tar.xz
2023/08/24 17:23:03 Extracting from file://C:\cygwin/http%3a%2f%2fctm.crouchingtigerhiddenfruitbat.org%2fpub%2fcygwin%2fcirca%2f2021%2f10%2f28%2f175116%2f/x86/release/attr/libattr1/libattr1-2.4.48-2.tar.xz
2023/08/24 17:23:03 Extracting from file://C:\cygwin/http%3a%2f%2fctm.crouchingtigerhiddenfruitbat.org%2fpub%2fcygwin%2fcirca%2f2021%2f10%2f28%2f175116%2f/x86/release/diffutils/diffutils-3.8-1.tar.xz
2023/08/24 17:23:04 Extracting from file://C:\cygwin/http%3a%2f%2fctm.crouchingtigerhiddenfruitbat.org%2fpub%2fcygwin%2fcirca%2f2021%2f10%2f28%2f175116%2f/x86/release/alternatives/alternatives-1.3.30c-10.tar.bz2
2023/08/24 17:23:06 Extracting from file://C:\cygwin/http%3a%2f%2fctm.crouchingtigerhiddenfruitbat.org%2fpub%2fcygwin%2fcirca%2f2021%2f10%2f28%2f175116%2f/x86/release/file/file-5.39-1.tar.xz
2023/08/24 17:23:06 Extracting from file://C:\cygwin/http%3a%2f%2fctm.crouchingtigerhiddenfruitbat.org%2fpub%2fcygwin%2fcirca%2f2021%2f10%2f28%2f175116%2f/x86/release/pcre/libpcrecpp0/libpcrecpp0-8.45-1.tar.zst
2023/08/24 17:23:06 Extracting from file://C:\cygwin/http%3a%2f%2fctm.crouchingtigerhiddenfruitbat.org%2fpub%2fcygwin%2fcirca%2f2021%2f10%2f28%2f175116%2f/x86/release/vim/vim-minimal/vim-minimal-8.2.0486-1.tar.xz
2023/08/24 17:23:07 Extracting from file://C:\cygwin/http%3a%2f%2fctm.crouchingtigerhiddenfruitbat.org%2fpub%2fcygwin%2fcirca%2f2021%2f10%2f28%2f175116%2f/x86/release/ncurses/ncurses-6.1-1.20190727.tar.xz
2023/08/24 17:23:07 Extracting from file://C:\cygwin/http%3a%2f%2fctm.crouchingtigerhiddenfruitbat.org%2fpub%2fcygwin%2fcirca%2f2021%2f10%2f28%2f175116%2f/x86/release/readline/libreadline7/libreadline7-8.1-2.tar.xz
2023/08/24 17:23:07 Extracting from file://C:\cygwin/http%3a%2f%2fctm.crouchingtigerhiddenfruitbat.org%2fpub%2fcygwin%2fcirca%2f2021%2f10%2f28%2f175116%2f/x86/release/less/less-590-1.tar.xz
2023/08/24 17:23:08 Extracting from file://C:\cygwin/http%3a%2f%2fctm.crouchingtigerhiddenfruitbat.org%2fpub%2fcygwin%2fcirca%2f2021%2f10%2f28%2f175116%2f/x86/release/texinfo/info/info-6.8-2.tar.xz
2023/08/24 17:23:09 Extracting from file://C:\cygwin/http%3a%2f%2fctm.crouchingtigerhiddenfruitbat.org%2fpub%2fcygwin%2fcirca%2f2021%2f10%2f28%2f175116%2f/x86/release/util-linux/libblkid1/libblkid1-2.33.1-2.tar.xz
2023/08/24 17:23:09 Extracting from file://C:\cygwin/http%3a%2f%2fctm.crouchingtigerhiddenfruitbat.org%2fpub%2fcygwin%2fcirca%2f2021%2f10%2f28%2f175116%2f/x86/release/cygutils/cygutils-1.4.16-7.tar.xz
2023/08/24 17:23:09 Extracting from file://C:\cygwin/http%3a%2f%2fctm.crouchingtigerhiddenfruitbat.org%2fpub%2fcygwin%2fcirca%2f2021%2f10%2f28%2f175116%2f/x86/release/p11-kit/p11-kit-trust/p11-kit-trust-0.23.20-1.tar.xz
2023/08/24 17:23:09 Extracting from file://C:\cygwin/http%3a%2f%2fctm.crouchingtigerhiddenfruitbat.org%2fpub%2fcygwin%2fcirca%2f2021%2f10%2f28%2f175116%2f/x86/release/p11-kit/p11-kit-0.23.20-1.tar.xz
2023/08/24 17:23:09 Extracting from file://C:\cygwin/http%3a%2f%2fctm.crouchingtigerhiddenfruitbat.org%2fpub%2fcygwin%2fcirca%2f2021%2f10%2f28%2f175116%2f/x86/release/gawk/gawk-5.1.0-1.tar.xz
2023/08/24 17:23:10 Extracting from file://C:\cygwin/http%3a%2f%2fctm.crouchingtigerhiddenfruitbat.org%2fpub%2fcygwin%2fcirca%2f2021%2f10%2f28%2f175116%2f/x86/release/coreutils/coreutils-8.26-2.tar.xz
2023/08/24 17:23:14 Extracting from file://C:\cygwin/http%3a%2f%2fctm.crouchingtigerhiddenfruitbat.org%2fpub%2fcygwin%2fcirca%2f2021%2f10%2f28%2f175116%2f/x86/release/util-linux/libfdisk1/libfdisk1-2.33.1-2.tar.xz
2023/08/24 17:23:14 Extracting from file://C:\cygwin/http%3a%2f%2fctm.crouchingtigerhiddenfruitbat.org%2fpub%2fcygwin%2fcirca%2f2021%2f10%2f28%2f175116%2f/x86/release/bash/bash-4.4.12-3.tar.xz
2023/08/24 17:23:16 Extracting from file://C:\cygwin/http%3a%2f%2fctm.crouchingtigerhiddenfruitbat.org%2fpub%2fcygwin%2fcirca%2f2021%2f10%2f28%2f175116%2f/x86/release/util-linux/util-linux-2.33.1-2.tar.xz
2023/08/24 17:23:17 Extracting from file://C:\cygwin/http%3a%2f%2fctm.crouchingtigerhiddenfruitbat.org%2fpub%2fcygwin%2fcirca%2f2021%2f10%2f28%2f175116%2f/x86/release/tzcode/tzcode-2021e-1.tar.xz
2023/08/24 17:23:18 Extracting from file://C:\cygwin/http%3a%2f%2fctm.crouchingtigerhiddenfruitbat.org%2fpub%2fcygwin%2fcirca%2f2021%2f10%2f28%2f175116%2f/x86/release/zstd/zstd-1.5.0-1.tar.zst
2023/08/24 17:23:18 Extracting from file://C:\cygwin/http%3a%2f%2fctm.crouchingtigerhiddenfruitbat.org%2fpub%2fcygwin%2fcirca%2f2021%2f10%2f28%2f175116%2f/x86/release/xz/xz-5.2.4-1.tar.xz
2023/08/24 17:23:19 Extracting from file://C:\cygwin/http%3a%2f%2fctm.crouchingtigerhiddenfruitbat.org%2fpub%2fcygwin%2fcirca%2f2021%2f10%2f28%2f175116%2f/x86/release/pcre2/libpcre2-devel/libpcre2-devel-10.38-1.tar.zst
2023/08/24 17:23:19 Extracting from file://C:\cygwin/http%3a%2f%2fctm.crouchingtigerhiddenfruitbat.org%2fpub%2fcygwin%2fcirca%2f2021%2f10%2f28%2f175116%2f/x86/release/pcre/libpcre-devel/libpcre-devel-8.45-1.tar.zst
2023/08/24 17:23:19 Extracting from file://C:\cygwin/http%3a%2f%2fctm.crouchingtigerhiddenfruitbat.org%2fpub%2fcygwin%2fcirca%2f2021%2f10%2f28%2f175116%2f/x86/release/gzip/gzip-1.11-1.tar.xz
2023/08/24 17:23:20 Extracting from file://C:\cygwin/http%3a%2f%2fctm.crouchingtigerhiddenfruitbat.org%2fpub%2fcygwin%2fcirca%2f2021%2f10%2f28%2f175116%2f/x86/release/groff/groff-1.22.4-1.tar.xz
2023/08/24 17:23:26 Extracting from file://C:\cygwin/http%3a%2f%2fctm.crouchingtigerhiddenfruitbat.org%2fpub%2fcygwin%2fcirca%2f2021%2f10%2f28%2f175116%2f/x86/release/grep/grep-3.7-2.tar.xz
2023/08/24 17:23:27 Extracting from file://C:\cygwin/http%3a%2f%2fctm.crouchingtigerhiddenfruitbat.org%2fpub%2fcygwin%2fcirca%2f2021%2f10%2f28%2f175116%2f/x86/release/findutils/findutils-4.8.0-1.tar.xz
2023/08/24 17:23:28 Extracting from file://C:\cygwin/http%3a%2f%2fctm.crouchingtigerhiddenfruitbat.org%2fpub%2fcygwin%2fcirca%2f2021%2f10%2f28%2f175116%2f/noarch/release/crypto-policies/crypto-policies-20190218-1.tar.xz
2023/08/24 17:23:28 Extracting from file://C:\cygwin/http%3a%2f%2fctm.crouchingtigerhiddenfruitbat.org%2fpub%2fcygwin%2fcirca%2f2021%2f10%2f28%2f175116%2f/noarch/release/ca-certificates/ca-certificates-2.50-4.tar.zst
2023/08/24 17:23:29 Extracting from file://C:\cygwin/http%3a%2f%2fctm.crouchingtigerhiddenfruitbat.org%2fpub%2fcygwin%2fcirca%2f2021%2f10%2f28%2f175116%2f/x86/release/bzip2/bzip2-1.0.8-1.tar.xz
2023/08/24 17:23:29 Extracting from file://C:\cygwin/http%3a%2f%2fctm.crouchingtigerhiddenfruitbat.org%2fpub%2fcygwin%2fcirca%2f2021%2f10%2f28%2f175116%2f/x86/release/man-db/man-db-2.9.4-1.tar.zst
2023/08/24 17:23:32 Extracting from file://C:\cygwin/http%3a%2f%2fctm.crouchingtigerhiddenfruitbat.org%2fpub%2fcygwin%2fcirca%2f2021%2f10%2f28%2f175116%2f/x86/release/rebase/rebase-4.5.0-1.tar.xz
2023/08/24 17:23:32 Extracting from file://C:\cygwin/http%3a%2f%2fctm.crouchingtigerhiddenfruitbat.org%2fpub%2fcygwin%2fcirca%2f2021%2f10%2f28%2f175116%2f/noarch/release/base-files/base-files-4.3-3.tar.zst
2023/08/24 17:23:33 Extracting from file://C:\cygwin/http%3a%2f%2fctm.crouchingtigerhiddenfruitbat.org%2fpub%2fcygwin%2fcirca%2f2021%2f10%2f28%2f175116%2f/x86/release/openssl/libssl1.1/libssl1.1-1.1.1l-1.tar.xz
2023/08/24 17:23:33 Extracting from file://C:\cygwin/http%3a%2f%2fctm.crouchingtigerhiddenfruitbat.org%2fpub%2fcygwin%2fcirca%2f2021%2f10%2f28%2f175116%2f/x86/release/tar/tar-1.34-1.tar.zst
2023/08/24 17:23:34 Extracting from file://C:\cygwin/http%3a%2f%2fctm.crouchingtigerhiddenfruitbat.org%2fpub%2fcygwin%2fcirca%2f2021%2f10%2f28%2f175116%2f/x86/release/openssl/openssl-1.1.1l-1.tar.xz
2023/08/24 17:23:35 Extracting from file://C:\cygwin/http%3a%2f%2fctm.crouchingtigerhiddenfruitbat.org%2fpub%2fcygwin%2fcirca%2f2021%2f10%2f28%2f175116%2f/noarch/release/_autorebase/_autorebase-001091-0.1.tar.zst
2023/08/24 17:23:35 Changing gid back to original
2023/08/24 17:23:35 running: C:\cygwin\bin\dash.exe "/etc/postinstall/0p_000_autorebase.dash"
2023/08/24 17:23:40 running: C:\cygwin\bin\dash.exe "/etc/postinstall/0p_update-info-dir.dash"
2023/08/24 17:23:45 running: C:\cygwin\bin\bash.exe --norc --noprofile "/etc/postinstall/000-cygwin-post-install.sh"
2023/08/24 17:23:46 running: C:\cygwin\bin\bash.exe --norc --noprofile "/etc/postinstall/coreutils.sh"
2023/08/24 17:23:46 running: C:\cygwin\bin\bash.exe --norc --noprofile "/etc/postinstall/bash.sh"
2023/08/24 17:23:47 running: C:\cygwin\bin\bash.exe --norc --noprofile "/etc/postinstall/base-files-mketc.sh"
2023/08/24 17:23:49 running: C:\cygwin\bin\bash.exe --norc --noprofile "/etc/postinstall/base-files-profile.sh"
2023/08/24 17:23:52 running: C:\cygwin\bin\bash.exe --norc --noprofile "/etc/postinstall/p11-kit.sh"
2023/08/24 17:23:53 running: C:\cygwin\bin\dash.exe "/etc/postinstall/ca-certificates.dash"
2023/08/24 17:23:56 running: C:\cygwin\bin\bash.exe --norc --noprofile "/etc/postinstall/crypto-policies.sh"
2023/08/24 17:24:05 running: C:\cygwin\bin\bash.exe --norc --noprofile "/etc/postinstall/openssl.sh"
2023/08/24 17:24:05 running: C:\cygwin\bin\dash.exe "/etc/postinstall/man-db.dash"
2023/08/24 17:24:05 running: C:\cygwin\bin\bash.exe --norc --noprofile "/etc/postinstall/mintty.sh"
2023/08/24 17:24:06 running: C:\cygwin\bin\dash.exe "/etc/postinstall/zp_man-db-update-index.dash"
2023/08/24 17:24:06 Changing gid to Administrators
2023/08/24 17:24:12 note: Installation Complete
2023/08/24 17:24:12 Ending cygwin install
2023/08/24 17:24:14 Starting cygwin install, version 2.909
2023/08/24 17:24:14 User has backup/restore rights
2023/08/24 17:24:14 Current Directory: C:\cygwin
2023/08/24 17:24:16 source: network install
2023/08/24 17:24:17 root: C:\cygwin system
2023/08/24 17:24:17 Selected local directory: C:\cygwin
2023/08/24 17:24:18 net: Preconfig
2023/08/24 17:24:18 site: http://ctm.crouchingtigerhiddenfruitbat.org/pub/cygwin/circa/2021/10/28/175116/
2023/08/24 17:24:19 HTTP status 404 fetching http://ctm.crouchingtigerhiddenfruitbat.org/pub/cygwin/circa/2021/10/28/175116/x86/setup.zst.sig
2023/08/24 17:24:19 HTTP status 404 fetching http://ctm.crouchingtigerhiddenfruitbat.org/pub/cygwin/circa/2021/10/28/175116/x86/setup.zst
2023/08/24 17:24:19 HTTP status 404 fetching http://ctm.crouchingtigerhiddenfruitbat.org/pub/cygwin/circa/2021/10/28/175116/x86/setup.xz.sig
2023/08/24 17:24:27 solving: 0 tasks, update: yes, use test packages: yes
2023/08/24 17:24:53 solving: 2 tasks, update: no, use test packages: yes
2023/08/24 17:24:53 Augmented Transaction List:
2023/08/24 17:24:53    0 install libcrypt2                4.4.20-1 
2023/08/24 17:24:53    1 install libgc1                   8.0.6-1  
2023/08/24 17:24:53    2 install libltdl7                 2.4.6-7  
2023/08/24 17:24:53    3 install libunistring2            0.9.10-1 
2023/08/24 17:24:53    4 install libisl23                 0.24-2   
2023/08/24 17:24:53    5 install libmpc3                  1.2.1-2  
2023/08/24 17:24:53    6 install libzstd1                 1.5.0-1  
2023/08/24 17:24:53    7 install binutils                 2.37-2   
2023/08/24 17:24:53    8 install cygwin-devel             3.3.1-1  
2023/08/24 17:24:53    9 install libatomic1               11.2.0-1 
2023/08/24 17:24:53   10 install libgomp1                 11.2.0-1 
2023/08/24 17:24:53   11 install libquadmath0             11.2.0-1 
2023/08/24 17:24:53   12 install w32api-headers           9.0.0-1  
2023/08/24 17:24:53   13 install windows-default-manifest 6.4-1    
2023/08/24 17:24:53   14 install libguile2.2_1            2.2.7-1  
2023/08/24 17:24:53   15 install w32api-runtime           9.0.0-1  
2023/08/24 17:24:53   16 install make                     4.3-1    
2023/08/24 17:24:53   17 install gcc-core                 11.2.0-1 
2023/08/24 17:24:53   18 install gcc-g++                  11.2.0-1 
2023/08/24 17:24:54 Downloaded C:\cygwin/http%3a%2f%2fctm.crouchingtigerhiddenfruitbat.org%2fpub%2fcygwin%2fcirca%2f2021%2f10%2f28%2f175116%2f/x86/release/libxcrypt/libcrypt2/libcrypt2-4.4.20-1.tar.xz
2023/08/24 17:24:55 Downloaded C:\cygwin/http%3a%2f%2fctm.crouchingtigerhiddenfruitbat.org%2fpub%2fcygwin%2fcirca%2f2021%2f10%2f28%2f175116%2f/x86/release/libgc/libgc1/libgc1-8.0.6-1.tar.xz
2023/08/24 17:24:55 Downloaded C:\cygwin/http%3a%2f%2fctm.crouchingtigerhiddenfruitbat.org%2fpub%2fcygwin%2fcirca%2f2021%2f10%2f28%2f175116%2f/x86/release/libtool/libltdl7/libltdl7-2.4.6-7.tar.xz
2023/08/24 17:24:55 Downloaded C:\cygwin/http%3a%2f%2fctm.crouchingtigerhiddenfruitbat.org%2fpub%2fcygwin%2fcirca%2f2021%2f10%2f28%2f175116%2f/x86/release/libunistring/libunistring2/libunistring2-0.9.10-1.tar.xz
2023/08/24 17:24:56 Downloaded C:\cygwin/http%3a%2f%2fctm.crouchingtigerhiddenfruitbat.org%2fpub%2fcygwin%2fcirca%2f2021%2f10%2f28%2f175116%2f/x86/release/isl/libisl23/libisl23-0.24-2.tar.zst
2023/08/24 17:24:56 Downloaded C:\cygwin/http%3a%2f%2fctm.crouchingtigerhiddenfruitbat.org%2fpub%2fcygwin%2fcirca%2f2021%2f10%2f28%2f175116%2f/x86/release/mpclib/libmpc3/libmpc3-1.2.1-2.tar.zst
2023/08/24 17:24:57 Downloaded C:\cygwin/http%3a%2f%2fctm.crouchingtigerhiddenfruitbat.org%2fpub%2fcygwin%2fcirca%2f2021%2f10%2f28%2f175116%2f/x86/release/zstd/libzstd1/libzstd1-1.5.0-1.tar.zst
2023/08/24 17:24:59 Downloaded C:\cygwin/http%3a%2f%2fctm.crouchingtigerhiddenfruitbat.org%2fpub%2fcygwin%2fcirca%2f2021%2f10%2f28%2f175116%2f/x86/release/binutils/binutils-2.37-2.tar.zst
2023/08/24 17:25:00 Downloaded C:\cygwin/http%3a%2f%2fctm.crouchingtigerhiddenfruitbat.org%2fpub%2fcygwin%2fcirca%2f2021%2f10%2f28%2f175116%2f/x86/release/cygwin/cygwin-devel/cygwin-devel-3.3.1-1.tar.xz
2023/08/24 17:25:00 Downloaded C:\cygwin/http%3a%2f%2fctm.crouchingtigerhiddenfruitbat.org%2fpub%2fcygwin%2fcirca%2f2021%2f10%2f28%2f175116%2f/x86/release/gcc/libatomic1/libatomic1-11.2.0-1.tar.zst
2023/08/24 17:25:00 Downloaded C:\cygwin/http%3a%2f%2fctm.crouchingtigerhiddenfruitbat.org%2fpub%2fcygwin%2fcirca%2f2021%2f10%2f28%2f175116%2f/x86/release/gcc/libgomp1/libgomp1-11.2.0-1.tar.zst
2023/08/24 17:25:01 Downloaded C:\cygwin/http%3a%2f%2fctm.crouchingtigerhiddenfruitbat.org%2fpub%2fcygwin%2fcirca%2f2021%2f10%2f28%2f175116%2f/x86/release/gcc/libquadmath0/libquadmath0-11.2.0-1.tar.zst
2023/08/24 17:25:02 Downloaded C:\cygwin/http%3a%2f%2fctm.crouchingtigerhiddenfruitbat.org%2fpub%2fcygwin%2fcirca%2f2021%2f10%2f28%2f175116%2f/x86/release/w32api-headers/w32api-headers-9.0.0-1.tar.xz
2023/08/24 17:25:02 Downloaded C:\cygwin/http%3a%2f%2fctm.crouchingtigerhiddenfruitbat.org%2fpub%2fcygwin%2fcirca%2f2021%2f10%2f28%2f175116%2f/x86/release/windows-default-manifest/windows-default-manifest-6.4-1.tar.xz
2023/08/24 17:25:04 Downloaded C:\cygwin/http%3a%2f%2fctm.crouchingtigerhiddenfruitbat.org%2fpub%2fcygwin%2fcirca%2f2021%2f10%2f28%2f175116%2f/x86/release/guile2.2/libguile2.2_1/libguile2.2_1-2.2.7-1.tar.xz
2023/08/24 17:25:05 Downloaded C:\cygwin/http%3a%2f%2fctm.crouchingtigerhiddenfruitbat.org%2fpub%2fcygwin%2fcirca%2f2021%2f10%2f28%2f175116%2f/x86/release/w32api-runtime/w32api-runtime-9.0.0-1.tar.xz
2023/08/24 17:25:05 Downloaded C:\cygwin/http%3a%2f%2fctm.crouchingtigerhiddenfruitbat.org%2fpub%2fcygwin%2fcirca%2f2021%2f10%2f28%2f175116%2f/x86/release/make/make-4.3-1.tar.xz
2023/08/24 17:25:10 Downloaded C:\cygwin/http%3a%2f%2fctm.crouchingtigerhiddenfruitbat.org%2fpub%2fcygwin%2fcirca%2f2021%2f10%2f28%2f175116%2f/x86/release/gcc/gcc-core/gcc-core-11.2.0-1.tar.zst
2023/08/24 17:25:12 Downloaded C:\cygwin/http%3a%2f%2fctm.crouchingtigerhiddenfruitbat.org%2fpub%2fcygwin%2fcirca%2f2021%2f10%2f28%2f175116%2f/x86/release/gcc/gcc-g++/gcc-g++-11.2.0-1.tar.zst
2023/08/24 17:25:12 Extracting from file://C:\cygwin/http%3a%2f%2fctm.crouchingtigerhiddenfruitbat.org%2fpub%2fcygwin%2fcirca%2f2021%2f10%2f28%2f175116%2f/x86/release/libxcrypt/libcrypt2/libcrypt2-4.4.20-1.tar.xz
2023/08/24 17:25:12 Extracting from file://C:\cygwin/http%3a%2f%2fctm.crouchingtigerhiddenfruitbat.org%2fpub%2fcygwin%2fcirca%2f2021%2f10%2f28%2f175116%2f/x86/release/libgc/libgc1/libgc1-8.0.6-1.tar.xz
2023/08/24 17:25:12 Extracting from file://C:\cygwin/http%3a%2f%2fctm.crouchingtigerhiddenfruitbat.org%2fpub%2fcygwin%2fcirca%2f2021%2f10%2f28%2f175116%2f/x86/release/libtool/libltdl7/libltdl7-2.4.6-7.tar.xz
2023/08/24 17:25:12 Extracting from file://C:\cygwin/http%3a%2f%2fctm.crouchingtigerhiddenfruitbat.org%2fpub%2fcygwin%2fcirca%2f2021%2f10%2f28%2f175116%2f/x86/release/libunistring/libunistring2/libunistring2-0.9.10-1.tar.xz
2023/08/24 17:25:12 Extracting from file://C:\cygwin/http%3a%2f%2fctm.crouchingtigerhiddenfruitbat.org%2fpub%2fcygwin%2fcirca%2f2021%2f10%2f28%2f175116%2f/x86/release/isl/libisl23/libisl23-0.24-2.tar.zst
2023/08/24 17:25:12 Extracting from file://C:\cygwin/http%3a%2f%2fctm.crouchingtigerhiddenfruitbat.org%2fpub%2fcygwin%2fcirca%2f2021%2f10%2f28%2f175116%2f/x86/release/mpclib/libmpc3/libmpc3-1.2.1-2.tar.zst
2023/08/24 17:25:12 Extracting from file://C:\cygwin/http%3a%2f%2fctm.crouchingtigerhiddenfruitbat.org%2fpub%2fcygwin%2fcirca%2f2021%2f10%2f28%2f175116%2f/x86/release/zstd/libzstd1/libzstd1-1.5.0-1.tar.zst
2023/08/24 17:25:13 Extracting from file://C:\cygwin/http%3a%2f%2fctm.crouchingtigerhiddenfruitbat.org%2fpub%2fcygwin%2fcirca%2f2021%2f10%2f28%2f175116%2f/x86/release/binutils/binutils-2.37-2.tar.zst
2023/08/24 17:25:17 Extracting from file://C:\cygwin/http%3a%2f%2fctm.crouchingtigerhiddenfruitbat.org%2fpub%2fcygwin%2fcirca%2f2021%2f10%2f28%2f175116%2f/x86/release/cygwin/cygwin-devel/cygwin-devel-3.3.1-1.tar.xz
2023/08/24 17:25:18 Extracting from file://C:\cygwin/http%3a%2f%2fctm.crouchingtigerhiddenfruitbat.org%2fpub%2fcygwin%2fcirca%2f2021%2f10%2f28%2f175116%2f/x86/release/gcc/libatomic1/libatomic1-11.2.0-1.tar.zst
2023/08/24 17:25:18 Extracting from file://C:\cygwin/http%3a%2f%2fctm.crouchingtigerhiddenfruitbat.org%2fpub%2fcygwin%2fcirca%2f2021%2f10%2f28%2f175116%2f/x86/release/gcc/libgomp1/libgomp1-11.2.0-1.tar.zst
2023/08/24 17:25:18 Extracting from file://C:\cygwin/http%3a%2f%2fctm.crouchingtigerhiddenfruitbat.org%2fpub%2fcygwin%2fcirca%2f2021%2f10%2f28%2f175116%2f/x86/release/gcc/libquadmath0/libquadmath0-11.2.0-1.tar.zst
2023/08/24 17:25:18 Extracting from file://C:\cygwin/http%3a%2f%2fctm.crouchingtigerhiddenfruitbat.org%2fpub%2fcygwin%2fcirca%2f2021%2f10%2f28%2f175116%2f/x86/release/w32api-headers/w32api-headers-9.0.0-1.tar.xz
2023/08/24 17:25:30 Extracting from file://C:\cygwin/http%3a%2f%2fctm.crouchingtigerhiddenfruitbat.org%2fpub%2fcygwin%2fcirca%2f2021%2f10%2f28%2f175116%2f/x86/release/windows-default-manifest/windows-default-manifest-6.4-1.tar.xz
2023/08/24 17:25:30 Extracting from file://C:\cygwin/http%3a%2f%2fctm.crouchingtigerhiddenfruitbat.org%2fpub%2fcygwin%2fcirca%2f2021%2f10%2f28%2f175116%2f/x86/release/guile2.2/libguile2.2_1/libguile2.2_1-2.2.7-1.tar.xz
2023/08/24 17:25:36 Extracting from file://C:\cygwin/http%3a%2f%2fctm.crouchingtigerhiddenfruitbat.org%2fpub%2fcygwin%2fcirca%2f2021%2f10%2f28%2f175116%2f/x86/release/w32api-runtime/w32api-runtime-9.0.0-1.tar.xz
2023/08/24 17:25:40 Extracting from file://C:\cygwin/http%3a%2f%2fctm.crouchingtigerhiddenfruitbat.org%2fpub%2fcygwin%2fcirca%2f2021%2f10%2f28%2f175116%2f/x86/release/make/make-4.3-1.tar.xz
2023/08/24 17:25:40 Extracting from file://C:\cygwin/http%3a%2f%2fctm.crouchingtigerhiddenfruitbat.org%2fpub%2fcygwin%2fcirca%2f2021%2f10%2f28%2f175116%2f/x86/release/gcc/gcc-core/gcc-core-11.2.0-1.tar.zst
2023/08/24 17:25:53 Extracting from file://C:\cygwin/http%3a%2f%2fctm.crouchingtigerhiddenfruitbat.org%2fpub%2fcygwin%2fcirca%2f2021%2f10%2f28%2f175116%2f/x86/release/gcc/gcc-g++/gcc-g++-11.2.0-1.tar.zst
2023/08/24 17:26:03 Changing gid back to original
2023/08/24 17:26:03 running: C:\cygwin\bin\dash.exe "/etc/postinstall/0p_000_autorebase.dash"
2023/08/24 17:26:11 running: C:\cygwin\bin\dash.exe "/etc/postinstall/0p_update-info-dir.dash"
2023/08/24 17:26:21 running: C:\cygwin\bin\dash.exe "/etc/postinstall/zp_man-db-update-index.dash"
2023/08/24 17:26:22 note: Installation Complete
2023/08/24 17:26:22 Ending cygwin install
2023/08/24 17:26:24 Starting cygwin install, version 2.909
2023/08/24 17:26:24 User has backup/restore rights
2023/08/24 17:26:24 Current Directory: C:\cygwin
2023/08/24 17:26:25 source: network install
2023/08/24 17:26:25 root: C:\cygwin system
2023/08/24 17:26:26 Selected local directory: C:\cygwin
2023/08/24 17:26:26 net: Preconfig
2023/08/24 17:26:26 site: http://ctm.crouchingtigerhiddenfruitbat.org/pub/cygwin/circa/2021/10/28/175116/
2023/08/24 17:26:27 HTTP status 404 fetching http://ctm.crouchingtigerhiddenfruitbat.org/pub/cygwin/circa/2021/10/28/175116/x86/setup.zst.sig
2023/08/24 17:26:27 HTTP status 404 fetching http://ctm.crouchingtigerhiddenfruitbat.org/pub/cygwin/circa/2021/10/28/175116/x86/setup.zst
2023/08/24 17:26:27 HTTP status 404 fetching http://ctm.crouchingtigerhiddenfruitbat.org/pub/cygwin/circa/2021/10/28/175116/x86/setup.xz.sig
2023/08/24 17:26:33 solving: 0 tasks, update: yes, use test packages: yes
2023/08/24 17:26:44 solving: 1 tasks, update: no, use test packages: yes
2023/08/24 17:26:44 Augmented Transaction List:
2023/08/24 17:26:44    0 install nano 4.9-1 
2023/08/24 17:26:46 Downloaded C:\cygwin/http%3a%2f%2fctm.crouchingtigerhiddenfruitbat.org%2fpub%2fcygwin%2fcirca%2f2021%2f10%2f28%2f175116%2f/x86/release/nano/nano-4.9-1.tar.xz
2023/08/24 17:26:46 Extracting from file://C:\cygwin/http%3a%2f%2fctm.crouchingtigerhiddenfruitbat.org%2fpub%2fcygwin%2fcirca%2f2021%2f10%2f28%2f175116%2f/x86/release/nano/nano-4.9-1.tar.xz
2023/08/24 17:26:47 Changing gid back to original
2023/08/24 17:26:47 running: C:\cygwin\bin\dash.exe "/etc/postinstall/0p_000_autorebase.dash"
2023/08/24 17:26:52 running: C:\cygwin\bin\dash.exe "/etc/postinstall/0p_update-info-dir.dash"
2023/08/24 17:27:01 running: C:\cygwin\bin\bash.exe --norc --noprofile "/etc/postinstall/nano.sh"
2023/08/24 17:27:02 running: C:\cygwin\bin\dash.exe "/etc/postinstall/zp_man-db-update-index.dash"
2023/08/24 17:27:02 Changing gid to Administrators
2023/08/24 17:27:03 note: Installation Complete
2023/08/24 17:27:03 Ending cygwin install
2023/08/24 17:32:09 Starting cygwin install, version 2.909
2023/08/24 17:32:09 User has backup/restore rights
2023/08/24 17:32:09 Current Directory: C:\cygwin
2023/08/24 17:32:10 source: network install
2023/08/24 17:32:10 root: C:\cygwin system
2023/08/24 17:32:10 Selected local directory: C:\cygwin
2023/08/24 17:32:11 net: Preconfig
2023/08/24 17:32:11 site: http://ctm.crouchingtigerhiddenfruitbat.org/pub/cygwin/circa/2021/10/28/175116/
2023/08/24 17:32:11 HTTP status 404 fetching http://ctm.crouchingtigerhiddenfruitbat.org/pub/cygwin/circa/2021/10/28/175116/x86/setup.zst.sig
2023/08/24 17:32:12 HTTP status 404 fetching http://ctm.crouchingtigerhiddenfruitbat.org/pub/cygwin/circa/2021/10/28/175116/x86/setup.zst
2023/08/24 17:32:12 HTTP status 404 fetching http://ctm.crouchingtigerhiddenfruitbat.org/pub/cygwin/circa/2021/10/28/175116/x86/setup.xz.sig
2023/08/24 17:32:18 solving: 0 tasks, update: yes, use test packages: yes
2023/08/24 17:51:38 solving: 1 tasks, update: no, use test packages: yes
2023/08/24 17:51:38 Augmented Transaction List:
2023/08/24 17:51:38    0 install pcre2 10.38-1 
2023/08/24 17:51:39 Downloaded C:\cygwin/http%3a%2f%2fctm.crouchingtigerhiddenfruitbat.org%2fpub%2fcygwin%2fcirca%2f2021%2f10%2f28%2f175116%2f/x86/release/pcre2/pcre2-10.38-1.tar.zst
2023/08/24 17:51:39 Extracting from file://C:\cygwin/http%3a%2f%2fctm.crouchingtigerhiddenfruitbat.org%2fpub%2fcygwin%2fcirca%2f2021%2f10%2f28%2f175116%2f/x86/release/pcre2/pcre2-10.38-1.tar.zst
2023/08/24 17:51:39 Changing gid back to original
2023/08/24 17:51:39 running: C:\cygwin\bin\dash.exe "/etc/postinstall/0p_000_autorebase.dash"
2023/08/24 17:51:45 running: C:\cygwin\bin\dash.exe "/etc/postinstall/0p_update-info-dir.dash"
2023/08/24 17:51:46 running: C:\cygwin\bin\dash.exe "/etc/postinstall/zp_man-db-update-index.dash"
2023/08/24 17:51:47 Changing gid to Administrators
2023/08/24 17:52:43 note: Installation Complete
2023/08/24 17:52:43 Ending cygwin install
2023/08/24 18:14:12 Starting cygwin install, version 2.909
2023/08/24 18:14:12 User has backup/restore rights
2023/08/24 18:14:12 Current Directory: C:\cygwin
2023/08/24 18:14:14 source: network install
2023/08/24 18:14:14 root: C:\cygwin system
2023/08/24 18:14:15 Selected local directory: C:\cygwin
2023/08/24 18:14:15 net: Preconfig
2023/08/24 18:14:15 site: http://ctm.crouchingtigerhiddenfruitbat.org/pub/cygwin/circa/2021/10/28/175116/
2023/08/24 18:14:16 HTTP status 404 fetching http://ctm.crouchingtigerhiddenfruitbat.org/pub/cygwin/circa/2021/10/28/175116/x86/setup.zst.sig
2023/08/24 18:14:16 HTTP status 404 fetching http://ctm.crouchingtigerhiddenfruitbat.org/pub/cygwin/circa/2021/10/28/175116/x86/setup.zst
2023/08/24 18:14:16 HTTP status 404 fetching http://ctm.crouchingtigerhiddenfruitbat.org/pub/cygwin/circa/2021/10/28/175116/x86/setup.xz.sig
2023/08/24 18:14:22 solving: 0 tasks, update: yes, use test packages: yes
2023/08/24 18:14:38 Ending cygwin install
